This is pdfTeX, Version 3.141592653-2.6-1.40.26 (TeX Live 2024) (preloaded format=pdflatex 2024.7.22)  22 JUL 2024 16:52
entering extended mode
 restricted \write18 enabled.
 %&-line parsing enabled.
**resume.tex
(/usr/local/texlive/2024basic/texmf-dist/tex/latex/tools/q.tex
! Interruption.
<to be read again> 
                   \immediate 
l.1 
    %%
? quit
OK, entering \batchmode...
LaTeX2e <2024-06-01> patch level 2
L3 programming layer <2024-05-27>
 File ignored
)
! Emergency stop.
<*> resume.tex
              
*** (job aborted, no legal \end found)

 
Here is how much of TeX's memory you used:
 17 strings out of 475035
 493 string characters out of 5762535
 1925905 words of memory out of 5000000
 22796 multiletter control sequences out of 15000+600000
 558069 words of font info for 36 fonts, out of 8000000 for 9000
 319 hyphenation exceptions out of 8191
 12i,0n,13p,90b,8s stack positions out of 10000i,1000n,20000p,200000b,200000s
!  ==> Fatal error occurred, no output PDF file produced!
